<?xml version="1.0" encoding="UTF-8"?>
<testsuite name="com.rova.account.service.AccountServiceTest" tests="1" skipped="0" failures="0" errors="0" timestamp="2023-04-05T12:38:31" hostname="Macbooks-MacBook-Pro.local" time="0.227">
  <properties/>
  <testcase name="Junit test for create current account" classname="com.rova.account.service.AccountServiceTest" time="0.227"/>
  <system-out><![CDATA[]]></system-out>
  <system-err><![CDATA[]]></system-err>
</testsuite>
