<?xml version="1.0" encoding="UTF-8"?>
<testsuite name="com.rova.account.controller.AccountControllerTest" tests="1" skipped="0" failures="0" errors="0" timestamp="2023-04-05T12:38:29" hostname="Macbooks-MacBook-Pro.local" time="0.482">
  <properties/>
  <testcase name="createCurrentAccount()" classname="com.rova.account.controller.AccountControllerTest" time="0.482"/>
  <system-out><![CDATA[13:38:22.812 [Test worker] DEBUG org.springframework.boot.test.context.SpringBootTestContextBootstrapper -- Neither @ContextConfiguration nor @ContextHierarchy found for test class [AccountControllerTest]: using SpringBootContextLoader
13:38:22.819 [Test worker] DEBUG org.springframework.test.context.support.AbstractContextLoader -- Could not detect default resource locations for test class [com.rova.account.controller.AccountControllerTest]: no resource found for suffixes {-context.xml, Context.groovy}.
13:38:22.820 [Test worker] INFO org.springframework.test.context.support.AnnotationConfigContextLoaderUtils -- Could not detect default configuration classes for test class [com.rova.account.controller.AccountControllerTest]: AccountControllerTest does not declare any static, non-private, non-final, nested classes annotated with @Configuration.
13:38:22.860 [Test worker] DEBUG org.springframework.boot.test.context.SpringBootTestContextBootstrapper -- Using ContextCustomizers for test class [AccountControllerTest]: [DisableObservabilityContextCustomizer, PropertyMappingContextCustomizer, Customizer, ExcludeFilterContextCustomizer, DuplicateJsonObjectContextCustomizer, MockitoContextCustomizer, TestRestTemplateContextCustomizer, MockServerContainerContextCustomizer]
13:38:22.983 [Test worker] DEBUG org.springframework.context.annotation.ClassPathScanningCandidateComponentProvider -- Identified candidate component class: file [/Users/macbookpro/Desktop/springboot/accounts/build/classes/java/main/com/rova/account/AccountsApplication.class]
13:38:22.985 [Test worker] INFO org.springframework.boot.test.context.SpringBootTestContextBootstrapper -- Found @SpringBootConfiguration com.rova.account.AccountsApplication for test class com.rova.account.controller.AccountControllerTest
13:38:23.110 [Test worker] DEBUG org.springframework.boot.test.context.SpringBootTestContextBootstrapper -- Using TestExecutionListeners for test class [AccountControllerTest]: [ServletTestExecutionListener, DirtiesContextBeforeModesTestExecutionListener, ApplicationEventsTestExecutionListener, MockitoTestExecutionListener, DependencyInjectionTestExecutionListener, DirtiesContextTestExecutionListener, TransactionalTestExecutionListener, SqlScriptsTestExecutionListener, EventPublishingTestExecutionListener, RestDocsTestExecutionListener, MockRestServiceServerResetTestExecutionListener, MockMvcPrintOnlyOnFailureTestExecutionListener, WebDriverTestExecutionListener, MockWebServiceServerTestExecutionListener, ResetMocksTestExecutionListener]
ACCOUNTS APPLICATION
2023-04-05T13:38:23.536+01:00  INFO 68542 --- [    Test worker] c.r.a.controller.AccountControllerTest   : Starting AccountControllerTest using Java 17.0.6 with PID 68542 (started by macbookpro in /Users/macbookpro/Desktop/springboot/accounts)
2023-04-05T13:38:23.538+01:00  INFO 68542 --- [    Test worker] c.r.a.controller.AccountControllerTest   : No active profile set, falling back to 1 default profile: "default"
2023-04-05T13:38:24.663+01:00  INFO 68542 --- [    Test worker] .s.d.r.c.RepositoryConfigurationDelegate : Bootstrapping Spring Data JPA repositories in DEFAULT mode.
2023-04-05T13:38:24.741+01:00  INFO 68542 --- [    Test worker] .s.d.r.c.RepositoryConfigurationDelegate : Finished Spring Data repository scanning in 66 ms. Found 3 JPA repository interfaces.
2023-04-05T13:38:25.181+01:00  INFO 68542 --- [    Test worker] com.zaxxer.hikari.HikariDataSource       : HikariPool-1 - Starting...
2023-04-05T13:38:25.412+01:00  INFO 68542 --- [    Test worker] com.zaxxer.hikari.pool.HikariPool        : HikariPool-1 - Added connection conn0: url=jdbc:h2:mem:mydb user=SA
2023-04-05T13:38:25.415+01:00  INFO 68542 --- [    Test worker] com.zaxxer.hikari.HikariDataSource       : HikariPool-1 - Start completed.
2023-04-05T13:38:25.461+01:00  INFO 68542 --- [    Test worker] o.hibernate.jpa.internal.util.LogHelper  : HHH000204: Processing PersistenceUnitInfo [name: default]
2023-04-05T13:38:25.507+01:00  INFO 68542 --- [    Test worker] org.hibernate.Version                    : HHH000412: Hibernate ORM core version 6.1.7.Final
2023-04-05T13:38:25.817+01:00  INFO 68542 --- [    Test worker] SQL dialect                              : HHH000400: Using dialect: org.hibernate.dialect.H2Dialect
2023-04-05T13:38:26.761+01:00  INFO 68542 --- [    Test worker] o.h.e.t.j.p.i.JtaPlatformInitiator       : HHH000490: Using JtaPlatform implementation: [org.hibernate.engine.transaction.jta.platform.internal.NoJtaPlatform]
2023-04-05T13:38:26.773+01:00  INFO 68542 --- [    Test worker] j.LocalContainerEntityManagerFactoryBean : Initialized JPA EntityManagerFactory for persistence unit 'default'
2023-04-05T13:38:27.353+01:00  WARN 68542 --- [    Test worker] JpaBaseConfiguration$JpaWebConfiguration : spring.jpa.open-in-view is enabled by default. Therefore, database queries may be performed during view rendering. Explicitly configure spring.jpa.open-in-view to disable this warning
2023-04-05T13:38:28.834+01:00  INFO 68542 --- [    Test worker] o.s.b.a.h2.H2ConsoleAutoConfiguration    : H2 console available at '/h2-console'. Database available at 'jdbc:h2:mem:mydb'
2023-04-05T13:38:28.878+01:00  INFO 68542 --- [    Test worker] o.s.b.a.e.web.EndpointLinksResolver      : Exposing 1 endpoint(s) beneath base path '/actuator'
2023-04-05T13:38:28.968+01:00  INFO 68542 --- [    Test worker] c.r.a.controller.AccountControllerTest   : Started AccountControllerTest in 5.799 seconds (process running for 7.451)
2023-04-05T13:38:29.046+01:00  INFO 68542 --- [    Test worker] o.s.b.t.m.w.SpringBootMockServletContext : Initializing Spring TestDispatcherServlet ''
2023-04-05T13:38:29.046+01:00  INFO 68542 --- [    Test worker] o.s.t.web.servlet.TestDispatcherServlet  : Initializing Servlet ''
2023-04-05T13:38:29.050+01:00  INFO 68542 --- [    Test worker] o.s.t.web.servlet.TestDispatcherServlet  : Completed initialization in 2 ms
2023-04-05T13:38:29.382+01:00  INFO 68542 --- [    Test worker] c.r.a.service.impl.AccountServiceImpl    : <<<<<<<<<< Create account request : CreateCurrentAccountRequest[customerId=1, initialCredit=10]
2023-04-05T13:38:29.486+01:00  INFO 68542 --- [    Test worker] c.r.a.service.impl.AccountServiceImpl    : <<<<<<<<<< Create account response : CreateCurrentAccountResponse(message=Account created succesfully, responseCode=00, accountNumber=4299954542)
]]></system-out>
  <system-err><![CDATA[]]></system-err>
</testsuite>
