<?xml version="1.0" encoding="UTF-8"?>
<testsuite name="com.rova.account.controller.UserControllerTest" tests="1" skipped="0" failures="0" errors="0" timestamp="2023-04-04T14:52:47" hostname="Macbooks-MacBook-Pro.local" time="0.042">
  <properties/>
  <testcase name="getUserDetails()" classname="com.rova.account.controller.UserControllerTest" time="0.042"/>
  <system-out><![CDATA[2023-04-04T15:52:47.854+01:00  INFO 49060 --- [    Test worker] t.c.s.AnnotationConfigContextLoaderUtils : Could not detect default configuration classes for test class [com.rova.account.controller.UserControllerTest]: UserControllerTest does not declare any static, non-private, non-final, nested classes annotated with @Configuration.
2023-04-04T15:52:47.856+01:00  INFO 49060 --- [    Test worker] .b.t.c.SpringBootTestContextBootstrapper : Found @SpringBootConfiguration com.rova.account.AccountsApplication for test class com.rova.account.controller.UserControllerTest
2023-04-04T15:52:47.860+01:00  INFO 49060 --- [    Test worker] o.s.b.t.m.w.SpringBootMockServletContext : Initializing Spring TestDispatcherServlet ''
2023-04-04T15:52:47.860+01:00  INFO 49060 --- [    Test worker] o.s.t.web.servlet.TestDispatcherServlet  : Initializing Servlet ''
2023-04-04T15:52:47.861+01:00  INFO 49060 --- [    Test worker] o.s.t.web.servlet.TestDispatcherServlet  : Completed initialization in 1 ms
2023-04-04T15:52:47.867+01:00  INFO 49060 --- [    Test worker] c.r.a.service.impl.UserServiceImpl       : <<<<<<<<<< Get user account details for user with id : 1
2023-04-04T15:52:47.884+01:00  INFO 49060 --- [    Test worker] c.r.a.service.impl.UserServiceImpl       : <<<<<<<<<< Get user account details : UserDetailsResponse(firstName=Ugo, lastName=Jill, accountDTO=AccountDTO(balance=10.00, accountNumber=7681375551), transactionDTOList=[TransactionDTO(amount=10.00, transactionType=CREDIT, accountNumber=7681375551)])
]]></system-out>
  <system-err><![CDATA[]]></system-err>
</testsuite>
