<?xml version="1.0" encoding="UTF-8"?>
<testsuite name="com.rova.account.controller.UserControllerTest" tests="1" skipped="0" failures="0" errors="0" timestamp="2023-04-03T11:11:32" hostname="Macbooks-MacBook-Pro.local" time="0.057">
  <properties/>
  <testcase name="getUserDetails()" classname="com.rova.account.controller.UserControllerTest" time="0.057"/>
  <system-out><![CDATA[2023-04-03T12:11:32.426+01:00  INFO 44370 --- [    Test worker] t.c.s.AnnotationConfigContextLoaderUtils : Could not detect default configuration classes for test class [com.rova.account.controller.UserControllerTest]: UserControllerTest does not declare any static, non-private, non-final, nested classes annotated with @Configuration.
2023-04-03T12:11:32.427+01:00  INFO 44370 --- [    Test worker] .b.t.c.SpringBootTestContextBootstrapper : Found @SpringBootConfiguration com.rova.account.AccountsApplication for test class com.rova.account.controller.UserControllerTest
2023-04-03T12:11:32.430+01:00  INFO 44370 --- [    Test worker] o.s.b.t.m.w.SpringBootMockServletContext : Initializing Spring TestDispatcherServlet ''
2023-04-03T12:11:32.430+01:00  INFO 44370 --- [    Test worker] o.s.t.web.servlet.TestDispatcherServlet  : Initializing Servlet ''
2023-04-03T12:11:32.432+01:00  INFO 44370 --- [    Test worker] o.s.t.web.servlet.TestDispatcherServlet  : Completed initialization in 1 ms
2023-04-03T12:11:32.437+01:00  INFO 44370 --- [    Test worker] c.r.a.service.impl.UserServiceImpl       : <<<<<<<<<< Get user account details for user with id : 1
2023-04-03T12:11:32.457+01:00  INFO 44370 --- [    Test worker] c.r.a.service.impl.UserServiceImpl       : <<<<<<<<<< Get user account details : UserDetailsResponse(firstName=Ugo, lastName=Jill, accountDTO=AccountDTO(balance=10.00, accountNumber=3334029761), transactionDTOList=[TransactionDTO(amount=10.00, transactionType=CREDIT, accountNumber=3334029761)])
]]></system-out>
  <system-err><![CDATA[]]></system-err>
</testsuite>
