<?xml version="1.0" encoding="UTF-8"?>
<testsuite name="com.rova.account.repository.AccountRepositoryTest" tests="4" skipped="0" failures="0" errors="0" timestamp="2023-04-04T14:52:49" hostname="Macbooks-MacBook-Pro.local" time="0.116">
  <properties/>
  <testcase name="testFindAll()" classname="com.rova.account.repository.AccountRepositoryTest" time="0.084"/>
  <testcase name="testSaveAccount()" classname="com.rova.account.repository.AccountRepositoryTest" time="0.009"/>
  <testcase name="testFindById()" classname="com.rova.account.repository.AccountRepositoryTest" time="0.006"/>
  <testcase name="testDeleteById()" classname="com.rova.account.repository.AccountRepositoryTest" time="0.014"/>
  <system-out><![CDATA[2023-04-04T15:52:47.907+01:00  INFO 49060 --- [    Test worker] t.c.s.AnnotationConfigContextLoaderUtils : Could not detect default configuration classes for test class [com.rova.account.repository.AccountRepositoryTest]: AccountRepositoryTest does not declare any static, non-private, non-final, nested classes annotated with @Configuration.
2023-04-04T15:52:47.916+01:00  INFO 49060 --- [    Test worker] .b.t.c.SpringBootTestContextBootstrapper : Found @SpringBootConfiguration com.rova.account.AccountsApplication for test class com.rova.account.repository.AccountRepositoryTest

  .   ____          _            __ _ _
 /\\ / ___'_ __ _ _(_)_ __  __ _ \ \ \ \
( ( )\___ | '_ | '_| | '_ \/ _` | \ \ \ \
 \\/  ___)| |_)| | | | | || (_| |  ) ) ) )
  '  |____| .__|_| |_|_| |_\__, | / / / /
 =========|_|==============|___/=/_/_/_/
 :: Spring Boot ::                (v3.0.5)

2023-04-04T15:52:47.939+01:00  INFO 49060 --- [    Test worker] c.r.a.repository.AccountRepositoryTest   : Starting AccountRepositoryTest using Java 17.0.6 with PID 49060 (started by macbookpro in /Users/macbookpro/Desktop/springboot/accounts)
2023-04-04T15:52:47.939+01:00  INFO 49060 --- [    Test worker] c.r.a.repository.AccountRepositoryTest   : No active profile set, falling back to 1 default profile: "default"
2023-04-04T15:52:48.217+01:00  INFO 49060 --- [    Test worker] .s.d.r.c.RepositoryConfigurationDelegate : Bootstrapping Spring Data JPA repositories in DEFAULT mode.
2023-04-04T15:52:48.232+01:00  INFO 49060 --- [    Test worker] .s.d.r.c.RepositoryConfigurationDelegate : Finished Spring Data repository scanning in 14 ms. Found 3 JPA repository interfaces.
2023-04-04T15:52:48.314+01:00  INFO 49060 --- [    Test worker] com.zaxxer.hikari.HikariDataSource       : HikariPool-2 - Starting...
2023-04-04T15:52:48.315+01:00  INFO 49060 --- [    Test worker] com.zaxxer.hikari.pool.HikariPool        : HikariPool-2 - Added connection conn10: url=jdbc:h2:mem:mydb user=SA
2023-04-04T15:52:48.315+01:00  INFO 49060 --- [    Test worker] com.zaxxer.hikari.HikariDataSource       : HikariPool-2 - Start completed.
2023-04-04T15:52:48.317+01:00  INFO 49060 --- [    Test worker] o.hibernate.jpa.internal.util.LogHelper  : HHH000204: Processing PersistenceUnitInfo [name: default]
2023-04-04T15:52:48.322+01:00  INFO 49060 --- [    Test worker] SQL dialect                              : HHH000400: Using dialect: org.hibernate.dialect.H2Dialect
2023-04-04T15:52:48.414+01:00  INFO 49060 --- [    Test worker] o.h.e.t.j.p.i.JtaPlatformInitiator       : HHH000490: Using JtaPlatform implementation: [org.hibernate.engine.transaction.jta.platform.internal.NoJtaPlatform]
2023-04-04T15:52:48.415+01:00  INFO 49060 --- [    Test worker] j.LocalContainerEntityManagerFactoryBean : Initialized JPA EntityManagerFactory for persistence unit 'default'
2023-04-04T15:52:48.580+01:00  WARN 49060 --- [    Test worker] JpaBaseConfiguration$JpaWebConfiguration : spring.jpa.open-in-view is enabled by default. Therefore, database queries may be performed during view rendering. Explicitly configure spring.jpa.open-in-view to disable this warning
2023-04-04T15:52:49.132+01:00  INFO 49060 --- [    Test worker] o.s.b.a.h2.H2ConsoleAutoConfiguration    : H2 console available at '/h2-console'. Database available at 'jdbc:h2:mem:mydb'
2023-04-04T15:52:49.152+01:00  INFO 49060 --- [    Test worker] o.s.b.a.e.web.EndpointLinksResolver      : Exposing 1 endpoint(s) beneath base path '/actuator'
2023-04-04T15:52:49.186+01:00  INFO 49060 --- [    Test worker] c.r.a.repository.AccountRepositoryTest   : Started AccountRepositoryTest in 1.267 seconds (process running for 10.443)
]]></system-out>
  <system-err><![CDATA[]]></system-err>
</testsuite>
