<?xml version="1.0" encoding="UTF-8"?>
<testsuite name="com.rova.account.controller.AccountControllerTest" tests="1" skipped="0" failures="0" errors="0" timestamp="2023-04-04T14:52:47" hostname="Macbooks-MacBook-Pro.local" time="0.427">
  <properties/>
  <testcase name="createCurrentAccount()" classname="com.rova.account.controller.AccountControllerTest" time="0.427"/>
  <system-out><![CDATA[15:52:40.110 [Test worker] DEBUG org.springframework.boot.test.context.SpringBootTestContextBootstrapper -- Neither @ContextConfiguration nor @ContextHierarchy found for test class [AccountControllerTest]: using SpringBootContextLoader
15:52:40.116 [Test worker] DEBUG org.springframework.test.context.support.AbstractContextLoader -- Could not detect default resource locations for test class [com.rova.account.controller.AccountControllerTest]: no resource found for suffixes {-context.xml, Context.groovy}.
15:52:40.117 [Test worker] INFO org.springframework.test.context.support.AnnotationConfigContextLoaderUtils -- Could not detect default configuration classes for test class [com.rova.account.controller.AccountControllerTest]: AccountControllerTest does not declare any static, non-private, non-final, nested classes annotated with @Configuration.
15:52:40.155 [Test worker] DEBUG org.springframework.boot.test.context.SpringBootTestContextBootstrapper -- Using ContextCustomizers for test class [AccountControllerTest]: [DisableObservabilityContextCustomizer, PropertyMappingContextCustomizer, Customizer, ExcludeFilterContextCustomizer, DuplicateJsonObjectContextCustomizer, MockitoContextCustomizer, TestRestTemplateContextCustomizer, MockServerContainerContextCustomizer]
15:52:40.327 [Test worker] DEBUG org.springframework.context.annotation.ClassPathScanningCandidateComponentProvider -- Identified candidate component class: file [/Users/macbookpro/Desktop/springboot/accounts/build/classes/java/main/com/rova/account/AccountsApplication.class]
15:52:40.331 [Test worker] INFO org.springframework.boot.test.context.SpringBootTestContextBootstrapper -- Found @SpringBootConfiguration com.rova.account.AccountsApplication for test class com.rova.account.controller.AccountControllerTest
15:52:40.477 [Test worker] DEBUG org.springframework.boot.test.context.SpringBootTestContextBootstrapper -- Using TestExecutionListeners for test class [AccountControllerTest]: [ServletTestExecutionListener, DirtiesContextBeforeModesTestExecutionListener, ApplicationEventsTestExecutionListener, MockitoTestExecutionListener, DependencyInjectionTestExecutionListener, DirtiesContextTestExecutionListener, TransactionalTestExecutionListener, SqlScriptsTestExecutionListener, EventPublishingTestExecutionListener, RestDocsTestExecutionListener, MockRestServiceServerResetTestExecutionListener, MockMvcPrintOnlyOnFailureTestExecutionListener, WebDriverTestExecutionListener, MockWebServiceServerTestExecutionListener, ResetMocksTestExecutionListener]

  .   ____          _            __ _ _
 /\\ / ___'_ __ _ _(_)_ __  __ _ \ \ \ \
( ( )\___ | '_ | '_| | '_ \/ _` | \ \ \ \
 \\/  ___)| |_)| | | | | || (_| |  ) ) ) )
  '  |____| .__|_| |_|_| |_\__, | / / / /
 =========|_|==============|___/=/_/_/_/
 :: Spring Boot ::                (v3.0.5)

2023-04-04T15:52:40.868+01:00  INFO 49060 --- [    Test worker] c.r.a.controller.AccountControllerTest   : Starting AccountControllerTest using Java 17.0.6 with PID 49060 (started by macbookpro in /Users/macbookpro/Desktop/springboot/accounts)
2023-04-04T15:52:40.871+01:00  INFO 49060 --- [    Test worker] c.r.a.controller.AccountControllerTest   : No active profile set, falling back to 1 default profile: "default"
2023-04-04T15:52:42.758+01:00  INFO 49060 --- [    Test worker] .s.d.r.c.RepositoryConfigurationDelegate : Bootstrapping Spring Data JPA repositories in DEFAULT mode.
2023-04-04T15:52:42.836+01:00  INFO 49060 --- [    Test worker] .s.d.r.c.RepositoryConfigurationDelegate : Finished Spring Data repository scanning in 64 ms. Found 3 JPA repository interfaces.
2023-04-04T15:52:43.403+01:00  INFO 49060 --- [    Test worker] com.zaxxer.hikari.HikariDataSource       : HikariPool-1 - Starting...
2023-04-04T15:52:43.643+01:00  INFO 49060 --- [    Test worker] com.zaxxer.hikari.pool.HikariPool        : HikariPool-1 - Added connection conn0: url=jdbc:h2:mem:mydb user=SA
2023-04-04T15:52:43.645+01:00  INFO 49060 --- [    Test worker] com.zaxxer.hikari.HikariDataSource       : HikariPool-1 - Start completed.
2023-04-04T15:52:43.690+01:00  INFO 49060 --- [    Test worker] o.hibernate.jpa.internal.util.LogHelper  : HHH000204: Processing PersistenceUnitInfo [name: default]
2023-04-04T15:52:43.739+01:00  INFO 49060 --- [    Test worker] org.hibernate.Version                    : HHH000412: Hibernate ORM core version 6.1.7.Final
2023-04-04T15:52:44.070+01:00  INFO 49060 --- [    Test worker] SQL dialect                              : HHH000400: Using dialect: org.hibernate.dialect.H2Dialect
2023-04-04T15:52:44.991+01:00  INFO 49060 --- [    Test worker] o.h.e.t.j.p.i.JtaPlatformInitiator       : HHH000490: Using JtaPlatform implementation: [org.hibernate.engine.transaction.jta.platform.internal.NoJtaPlatform]
2023-04-04T15:52:45.000+01:00  INFO 49060 --- [    Test worker] j.LocalContainerEntityManagerFactoryBean : Initialized JPA EntityManagerFactory for persistence unit 'default'
2023-04-04T15:52:45.603+01:00  WARN 49060 --- [    Test worker] JpaBaseConfiguration$JpaWebConfiguration : spring.jpa.open-in-view is enabled by default. Therefore, database queries may be performed during view rendering. Explicitly configure spring.jpa.open-in-view to disable this warning
2023-04-04T15:52:47.202+01:00  INFO 49060 --- [    Test worker] o.s.b.a.h2.H2ConsoleAutoConfiguration    : H2 console available at '/h2-console'. Database available at 'jdbc:h2:mem:mydb'
2023-04-04T15:52:47.259+01:00  INFO 49060 --- [    Test worker] o.s.b.a.e.web.EndpointLinksResolver      : Exposing 1 endpoint(s) beneath base path '/actuator'
2023-04-04T15:52:47.342+01:00  INFO 49060 --- [    Test worker] c.r.a.controller.AccountControllerTest   : Started AccountControllerTest in 6.825 seconds (process running for 8.599)
2023-04-04T15:52:47.416+01:00  INFO 49060 --- [    Test worker] o.s.b.t.m.w.SpringBootMockServletContext : Initializing Spring TestDispatcherServlet ''
2023-04-04T15:52:47.416+01:00  INFO 49060 --- [    Test worker] o.s.t.web.servlet.TestDispatcherServlet  : Initializing Servlet ''
2023-04-04T15:52:47.420+01:00  INFO 49060 --- [    Test worker] o.s.t.web.servlet.TestDispatcherServlet  : Completed initialization in 1 ms
2023-04-04T15:52:47.711+01:00  INFO 49060 --- [    Test worker] c.r.a.service.impl.AccountServiceImpl    : <<<<<<<<<< Create account request : CreateCurrentAccountRequest[customerId=1, initialCredit=10]
2023-04-04T15:52:47.799+01:00  INFO 49060 --- [    Test worker] c.r.a.service.impl.AccountServiceImpl    : <<<<<<<<<< Create account response : CreateCurrentAccountResponse(message=Account created succesfully, responseCode=00, accountNumber=7681375551)
]]></system-out>
  <system-err><![CDATA[]]></system-err>
</testsuite>
