<?xml version="1.0" encoding="UTF-8"?>
<testsuite name="com.rova.account.controller.UserControllerTest" tests="1" skipped="0" failures="0" errors="0" timestamp="2023-04-05T12:38:29" hostname="Macbooks-MacBook-Pro.local" time="0.05">
  <properties/>
  <testcase name="getUserDetails()" classname="com.rova.account.controller.UserControllerTest" time="0.05"/>
  <system-out><![CDATA[2023-04-05T13:38:29.541+01:00  INFO 68542 --- [    Test worker] t.c.s.AnnotationConfigContextLoaderUtils : Could not detect default configuration classes for test class [com.rova.account.controller.UserControllerTest]: UserControllerTest does not declare any static, non-private, non-final, nested classes annotated with @Configuration.
2023-04-05T13:38:29.543+01:00  INFO 68542 --- [    Test worker] .b.t.c.SpringBootTestContextBootstrapper : Found @SpringBootConfiguration com.rova.account.AccountsApplication for test class com.rova.account.controller.UserControllerTest
2023-04-05T13:38:29.546+01:00  INFO 68542 --- [    Test worker] o.s.b.t.m.w.SpringBootMockServletContext : Initializing Spring TestDispatcherServlet ''
2023-04-05T13:38:29.546+01:00  INFO 68542 --- [    Test worker] o.s.t.web.servlet.TestDispatcherServlet  : Initializing Servlet ''
2023-04-05T13:38:29.550+01:00  INFO 68542 --- [    Test worker] o.s.t.web.servlet.TestDispatcherServlet  : Completed initialization in 3 ms
2023-04-05T13:38:29.556+01:00  INFO 68542 --- [    Test worker] c.r.a.service.impl.UserServiceImpl       : <<<<<<<<<< Get user account details for user with id : 1
2023-04-05T13:38:29.573+01:00  INFO 68542 --- [    Test worker] c.r.a.service.impl.UserServiceImpl       : <<<<<<<<<< Get user account details : UserDetailsResponse(firstName=Ugo, lastName=Jill, accountDTO=[AccountDTO(balance=10.00, accountNumber=4299954542, transactionDTOList=[TransactionDTO(amount=10.00, transactionType=CREDIT, accountNumber=4299954542)])])
]]></system-out>
  <system-err><![CDATA[]]></system-err>
</testsuite>
