<?xml version="1.0" encoding="UTF-8"?>
<testsuite name="com.rova.account.repository.AccountRepositoryTest" tests="4" skipped="0" failures="0" errors="0" timestamp="2023-04-05T12:38:30" hostname="Macbooks-MacBook-Pro.local" time="0.153">
  <properties/>
  <testcase name="testFindAll()" classname="com.rova.account.repository.AccountRepositoryTest" time="0.117"/>
  <testcase name="testSaveAccount()" classname="com.rova.account.repository.AccountRepositoryTest" time="0.011"/>
  <testcase name="testFindById()" classname="com.rova.account.repository.AccountRepositoryTest" time="0.009"/>
  <testcase name="testDeleteById()" classname="com.rova.account.repository.AccountRepositoryTest" time="0.016"/>
  <system-out><![CDATA[2023-04-05T13:38:29.604+01:00  INFO 68542 --- [    Test worker] t.c.s.AnnotationConfigContextLoaderUtils : Could not detect default configuration classes for test class [com.rova.account.repository.AccountRepositoryTest]: AccountRepositoryTest does not declare any static, non-private, non-final, nested classes annotated with @Configuration.
2023-04-05T13:38:29.613+01:00  INFO 68542 --- [    Test worker] .b.t.c.SpringBootTestContextBootstrapper : Found @SpringBootConfiguration com.rova.account.AccountsApplication for test class com.rova.account.repository.AccountRepositoryTest
ACCOUNTS APPLICATION
2023-04-05T13:38:29.644+01:00  INFO 68542 --- [    Test worker] c.r.a.repository.AccountRepositoryTest   : Starting AccountRepositoryTest using Java 17.0.6 with PID 68542 (started by macbookpro in /Users/macbookpro/Desktop/springboot/accounts)
2023-04-05T13:38:29.645+01:00  INFO 68542 --- [    Test worker] c.r.a.repository.AccountRepositoryTest   : No active profile set, falling back to 1 default profile: "default"
2023-04-05T13:38:29.943+01:00  INFO 68542 --- [    Test worker] .s.d.r.c.RepositoryConfigurationDelegate : Bootstrapping Spring Data JPA repositories in DEFAULT mode.
2023-04-05T13:38:29.960+01:00  INFO 68542 --- [    Test worker] .s.d.r.c.RepositoryConfigurationDelegate : Finished Spring Data repository scanning in 16 ms. Found 3 JPA repository interfaces.
2023-04-05T13:38:30.032+01:00  INFO 68542 --- [    Test worker] com.zaxxer.hikari.HikariDataSource       : HikariPool-2 - Starting...
2023-04-05T13:38:30.034+01:00  INFO 68542 --- [    Test worker] com.zaxxer.hikari.pool.HikariPool        : HikariPool-2 - Added connection conn10: url=jdbc:h2:mem:mydb user=SA
2023-04-05T13:38:30.034+01:00  INFO 68542 --- [    Test worker] com.zaxxer.hikari.HikariDataSource       : HikariPool-2 - Start completed.
2023-04-05T13:38:30.036+01:00  INFO 68542 --- [    Test worker] o.hibernate.jpa.internal.util.LogHelper  : HHH000204: Processing PersistenceUnitInfo [name: default]
2023-04-05T13:38:30.041+01:00  INFO 68542 --- [    Test worker] SQL dialect                              : HHH000400: Using dialect: org.hibernate.dialect.H2Dialect
2023-04-05T13:38:30.136+01:00  INFO 68542 --- [    Test worker] o.h.e.t.j.p.i.JtaPlatformInitiator       : HHH000490: Using JtaPlatform implementation: [org.hibernate.engine.transaction.jta.platform.internal.NoJtaPlatform]
2023-04-05T13:38:30.137+01:00  INFO 68542 --- [    Test worker] j.LocalContainerEntityManagerFactoryBean : Initialized JPA EntityManagerFactory for persistence unit 'default'
2023-04-05T13:38:30.265+01:00  WARN 68542 --- [    Test worker] JpaBaseConfiguration$JpaWebConfiguration : spring.jpa.open-in-view is enabled by default. Therefore, database queries may be performed during view rendering. Explicitly configure spring.jpa.open-in-view to disable this warning
2023-04-05T13:38:30.837+01:00  INFO 68542 --- [    Test worker] o.s.b.a.h2.H2ConsoleAutoConfiguration    : H2 console available at '/h2-console'. Database available at 'jdbc:h2:mem:mydb'
2023-04-05T13:38:30.860+01:00  INFO 68542 --- [    Test worker] o.s.b.a.e.web.EndpointLinksResolver      : Exposing 1 endpoint(s) beneath base path '/actuator'
2023-04-05T13:38:30.902+01:00  INFO 68542 --- [    Test worker] c.r.a.repository.AccountRepositoryTest   : Started AccountRepositoryTest in 1.286 seconds (process running for 9.385)
]]></system-out>
  <system-err><![CDATA[]]></system-err>
</testsuite>
