<?xml version="1.0" encoding="UTF-8"?>
<testsuite name="com.rova.account.repository.TransactionRepositoryTest" tests="4" skipped="0" failures="0" errors="0" timestamp="2023-04-05T12:38:31" hostname="Macbooks-MacBook-Pro.local" time="0.039">
  <properties/>
  <testcase name="testFindAll()" classname="com.rova.account.repository.TransactionRepositoryTest" time="0.008"/>
  <testcase name="testSaveTransaction()" classname="com.rova.account.repository.TransactionRepositoryTest" time="0.009"/>
  <testcase name="testFindById()" classname="com.rova.account.repository.TransactionRepositoryTest" time="0.008"/>
  <testcase name="testDeleteById()" classname="com.rova.account.repository.TransactionRepositoryTest" time="0.011"/>
  <system-out><![CDATA[2023-04-05T13:38:31.069+01:00  INFO 68542 --- [    Test worker] t.c.s.AnnotationConfigContextLoaderUtils : Could not detect default configuration classes for test class [com.rova.account.repository.TransactionRepositoryTest]: TransactionRepositoryTest does not declare any static, non-private, non-final, nested classes annotated with @Configuration.
2023-04-05T13:38:31.071+01:00  INFO 68542 --- [    Test worker] .b.t.c.SpringBootTestContextBootstrapper : Found @SpringBootConfiguration com.rova.account.AccountsApplication for test class com.rova.account.repository.TransactionRepositoryTest
]]></system-out>
  <system-err><![CDATA[]]></system-err>
</testsuite>
